Added Component: Designator=C1(CP1.5/3.4)
Added Component: Designator=C2(CP1.5/3.4)
Added Component: Designator=C3(CN1)
Added Component: Designator=C4(CP1.5/3.4)
Added Component: Designator=C5(CP1.5/3.4)
Added Component: Designator=C6(CP1.5/3.4)
Added Component: Designator=P1(DOMINO 2- 5mm)
Added Component: Designator=P2(DOMINO 2- 5mm)
Added Component: Designator=P3(JP3)
Added Component: Designator=P4(JP3)
Added Component: Designator=P5(DOMINO 4 -5mm)
Added Component: Designator=P6(JP3)
Added Component: Designator=P7(DOMINO 4 -5mm)
Added Component: Designator=P8(JP3x2)
Added Component: Designator=P9(JP3)
Added Component: Designator=P10(DOMINO 4 -5mm)
Added Component: Designator=P11(JP3x2)
Added Component: Designator=P12(JP4)
Added Component: Designator=P13(DOMINO 4 -5mm)
Added Component: Designator=P14(JP3x2)
Added Component: Designator=U1(*IC_DRV8825_STEPPER_MOTOR_DRIVER_CARRIER)
Added Component: Designator=U2(*IC_DRV8825_STEPPER_MOTOR_DRIVER_CARRIER)
Added Component: Designator=U3(stm32f4 hoan chinh)
Added Component: Designator=U4(*IC_DRV8825_STEPPER_MOTOR_DRIVER_CARRIER)
Added Pin To Net: NetName=+5 Pin=C2-1
Added Pin To Net: NetName=+5 Pin=P2-2
Added Pin To Net: NetName=+5 Pin=P5-4
Added Pin To Net: NetName=+5 Pin=P8-4
Added Pin To Net: NetName=+5 Pin=P8-5
Added Pin To Net: NetName=+5 Pin=P8-6
Added Pin To Net: NetName=+5 Pin=P11-4
Added Pin To Net: NetName=+5 Pin=P11-5
Added Pin To Net: NetName=+5 Pin=P11-6
Added Pin To Net: NetName=+5 Pin=P12-3
Added Pin To Net: NetName=+5 Pin=P14-4
Added Pin To Net: NetName=+5 Pin=P14-5
Added Pin To Net: NetName=+5 Pin=P14-6
Added Pin To Net: NetName=+5 Pin=U3-51
Added Pin To Net: NetName=+5 Pin=U3-98
Added Net: Name=+5
Added Pin To Net: NetName=+12 Pin=C1-1
Added Pin To Net: NetName=+12 Pin=C3-2
Added Pin To Net: NetName=+12 Pin=C4-1
Added Pin To Net: NetName=+12 Pin=C5-1
Added Pin To Net: NetName=+12 Pin=C6-1
Added Pin To Net: NetName=+12 Pin=P1-2
Added Pin To Net: NetName=+12 Pin=U1-16
Added Pin To Net: NetName=+12 Pin=U2-16
Added Pin To Net: NetName=+12 Pin=U4-16
Added Net: Name=+12
Added Pin To Net: NetName=A_A1 Pin=P7-2
Added Pin To Net: NetName=A_A1 Pin=U1-12
Added Net: Name=A_A1
Added Pin To Net: NetName=A_A2 Pin=P7-1
Added Pin To Net: NetName=A_A2 Pin=U1-11
Added Net: Name=A_A2
Added Pin To Net: NetName=A_B1 Pin=P7-3
Added Pin To Net: NetName=A_B1 Pin=U1-13
Added Net: Name=A_B1
Added Pin To Net: NetName=A_B2 Pin=P7-4
Added Pin To Net: NetName=A_B2 Pin=U1-14
Added Net: Name=A_B2
Added Pin To Net: NetName=A_DIR Pin=U1-8
Added Pin To Net: NetName=A_DIR Pin=U3-45
Added Net: Name=A_DIR
Added Pin To Net: NetName=A_RESET Pin=U1-5
Added Pin To Net: NetName=A_RESET Pin=U1-6
Added Pin To Net: NetName=A_RESET Pin=U3-46
Added Net: Name=A_RESET
Added Pin To Net: NetName=A_STEPS Pin=U1-7
Added Pin To Net: NetName=A_STEPS Pin=U3-44
Added Net: Name=A_STEPS
Added Pin To Net: NetName=B_A1 Pin=P10-2
Added Pin To Net: NetName=B_A1 Pin=U2-12
Added Net: Name=B_A1
Added Pin To Net: NetName=B_A2 Pin=P10-1
Added Pin To Net: NetName=B_A2 Pin=U2-11
Added Net: Name=B_A2
Added Pin To Net: NetName=B_B1 Pin=P10-3
Added Pin To Net: NetName=B_B1 Pin=U2-13
Added Net: Name=B_B1
Added Pin To Net: NetName=B_B2 Pin=P10-4
Added Pin To Net: NetName=B_B2 Pin=U2-14
Added Net: Name=B_B2
Added Pin To Net: NetName=B_DIR Pin=U2-8
Added Pin To Net: NetName=B_DIR Pin=U3-6
Added Net: Name=B_DIR
Added Pin To Net: NetName=B_RESET Pin=U2-5
Added Pin To Net: NetName=B_RESET Pin=U2-6
Added Pin To Net: NetName=B_RESET Pin=U3-8
Added Net: Name=B_RESET
Added Pin To Net: NetName=B_STEPS Pin=U2-7
Added Pin To Net: NetName=B_STEPS Pin=U3-7
Added Net: Name=B_STEPS
Added Pin To Net: NetName=BUZZER Pin=P4-3
Added Pin To Net: NetName=BUZZER Pin=U3-76
Added Net: Name=BUZZER
Added Pin To Net: NetName=C_A1 Pin=P13-2
Added Pin To Net: NetName=C_A1 Pin=U4-12
Added Net: Name=C_A1
Added Pin To Net: NetName=C_A2 Pin=P13-1
Added Pin To Net: NetName=C_A2 Pin=U4-11
Added Net: Name=C_A2
Added Pin To Net: NetName=C_B1 Pin=P13-3
Added Pin To Net: NetName=C_B1 Pin=U4-13
Added Net: Name=C_B1
Added Pin To Net: NetName=C_B2 Pin=P13-4
Added Pin To Net: NetName=C_B2 Pin=U4-14
Added Net: Name=C_B2
Added Pin To Net: NetName=C_DIR Pin=U3-16
Added Pin To Net: NetName=C_DIR Pin=U4-8
Added Net: Name=C_DIR
Added Pin To Net: NetName=C_RESET Pin=U3-20
Added Pin To Net: NetName=C_RESET Pin=U4-5
Added Pin To Net: NetName=C_RESET Pin=U4-6
Added Net: Name=C_RESET
Added Pin To Net: NetName=C_STEPS Pin=U3-39
Added Pin To Net: NetName=C_STEPS Pin=U4-7
Added Net: Name=C_STEPS
Added Pin To Net: NetName=GND Pin=C1-2
Added Pin To Net: NetName=GND Pin=C2-2
Added Pin To Net: NetName=GND Pin=C3-1
Added Pin To Net: NetName=GND Pin=C4-2
Added Pin To Net: NetName=GND Pin=C5-2
Added Pin To Net: NetName=GND Pin=C6-2
Added Pin To Net: NetName=GND Pin=P1-1
Added Pin To Net: NetName=GND Pin=P2-1
Added Pin To Net: NetName=GND Pin=P3-2
Added Pin To Net: NetName=GND Pin=P4-1
Added Pin To Net: NetName=GND Pin=P5-1
Added Pin To Net: NetName=GND Pin=P6-2
Added Pin To Net: NetName=GND Pin=P9-2
Added Pin To Net: NetName=GND Pin=P12-4
Added Pin To Net: NetName=GND Pin=U1-1
Added Pin To Net: NetName=GND Pin=U1-9
Added Pin To Net: NetName=GND Pin=U1-15
Added Pin To Net: NetName=GND Pin=U2-1
Added Pin To Net: NetName=GND Pin=U2-9
Added Pin To Net: NetName=GND Pin=U2-15
Added Pin To Net: NetName=GND Pin=U3-0
Added Pin To Net: NetName=GND Pin=U3-11
Added Pin To Net: NetName=GND Pin=U3-24
Added Pin To Net: NetName=GND Pin=U3-25
Added Pin To Net: NetName=GND Pin=U3-49
Added Pin To Net: NetName=GND Pin=U3-50
Added Pin To Net: NetName=GND Pin=U3-74
Added Pin To Net: NetName=GND Pin=U3-75
Added Pin To Net: NetName=GND Pin=U3-99
Added Pin To Net: NetName=GND Pin=U4-1
Added Pin To Net: NetName=GND Pin=U4-9
Added Pin To Net: NetName=GND Pin=U4-15
Added Net: Name=GND
Added Pin To Net: NetName=LSW_A_IN Pin=P3-1
Added Pin To Net: NetName=LSW_A_IN Pin=U3-83
Added Net: Name=LSW_A_IN
Added Pin To Net: NetName=LSW_A_OUT Pin=P3-3
Added Pin To Net: NetName=LSW_A_OUT Pin=U3-82
Added Net: Name=LSW_A_OUT
Added Pin To Net: NetName=LSW_B_IN Pin=P6-1
Added Pin To Net: NetName=LSW_B_IN Pin=U3-85
Added Net: Name=LSW_B_IN
Added Pin To Net: NetName=LSW_B_OUT Pin=P6-3
Added Pin To Net: NetName=LSW_B_OUT Pin=U3-84
Added Net: Name=LSW_B_OUT
Added Pin To Net: NetName=LSW_C_IN Pin=P9-1
Added Pin To Net: NetName=LSW_C_IN Pin=U3-87
Added Net: Name=LSW_C_IN
Added Pin To Net: NetName=LSW_C_OUT Pin=P9-3
Added Pin To Net: NetName=LSW_C_OUT Pin=U3-86
Added Net: Name=LSW_C_OUT
Added Pin To Net: NetName=NetP8_1 Pin=P8-1
Added Pin To Net: NetName=NetP8_1 Pin=U1-2
Added Net: Name=NetP8_1
Added Pin To Net: NetName=NetP8_2 Pin=P8-2
Added Pin To Net: NetName=NetP8_2 Pin=U1-3
Added Net: Name=NetP8_2
Added Pin To Net: NetName=NetP8_3 Pin=P8-3
Added Pin To Net: NetName=NetP8_3 Pin=U1-4
Added Net: Name=NetP8_3
Added Pin To Net: NetName=NetP11_1 Pin=P11-1
Added Pin To Net: NetName=NetP11_1 Pin=U2-2
Added Net: Name=NetP11_1
Added Pin To Net: NetName=NetP11_2 Pin=P11-2
Added Pin To Net: NetName=NetP11_2 Pin=U2-3
Added Net: Name=NetP11_2
Added Pin To Net: NetName=NetP11_3 Pin=P11-3
Added Pin To Net: NetName=NetP11_3 Pin=U2-4
Added Net: Name=NetP11_3
Added Pin To Net: NetName=NetP14_1 Pin=P14-1
Added Pin To Net: NetName=NetP14_1 Pin=U4-2
Added Net: Name=NetP14_1
Added Pin To Net: NetName=NetP14_2 Pin=P14-2
Added Pin To Net: NetName=NetP14_2 Pin=U4-3
Added Net: Name=NetP14_2
Added Pin To Net: NetName=NetP14_3 Pin=P14-3
Added Pin To Net: NetName=NetP14_3 Pin=U4-4
Added Net: Name=NetP14_3
Added Pin To Net: NetName=RELAY_1 Pin=P5-2
Added Pin To Net: NetName=RELAY_1 Pin=U3-59
Added Net: Name=RELAY_1
Added Pin To Net: NetName=RELAY_2 Pin=P5-3
Added Pin To Net: NetName=RELAY_2 Pin=U3-90
Added Net: Name=RELAY_2
Added Pin To Net: NetName=RX Pin=P12-2
Added Pin To Net: NetName=RX Pin=U3-70
Added Net: Name=RX
Added Pin To Net: NetName=TX Pin=P12-1
Added Pin To Net: NetName=TX Pin=U3-78
Added Net: Name=TX
