PCAD Importer Log
Project : STM32F429I-DISC1.LibPkg

Section : C:\Users\naamp\Desktop\STM32F429I-DISC1.lia
    Section : PCB Library - STM32F429I-DISC1.PcbLib
        Section : Load Messages
            Warning - 1 : Skipping Token STM32F429I-DISC1_SECTION1 On Line 266
            Warning - 1 : Skipping Token STM32F429I-DISC1_SECTION2 On Line 877
            Warning - 1 : Skipping Token attachedSymbol On Line 1621
            Warning - 1 : Skipping Token attachedSymbol On Line 1622
            Warning - 1 : Skipping Token 56 On Line 1625
            Warning - 1 : Skipping Token 57 On Line 1627
            Warning - 1 : Skipping Token 54 On Line 1629
            Warning - 1 : Skipping Token 55 On Line 1631
            Warning - 1 : Skipping Token 52 On Line 1633
            Warning - 1 : Skipping Token 53 On Line 1635
            Warning - 1 : Skipping Token 50 On Line 1637
            Warning - 1 : Skipping Token 51 On Line 1639
            Warning - 1 : Skipping Token 58 On Line 1641
            Warning - 1 : Skipping Token 59 On Line 1643
            Warning - 1 : Skipping Token 1 On Line 1645
            Warning - 1 : Skipping Token 2 On Line 1647
            Warning - 1 : Skipping Token 17 On Line 1649
            Warning - 1 : Skipping Token 16 On Line 1651
            Warning - 1 : Skipping Token 15 On Line 1653
            Warning - 1 : Skipping Token 14 On Line 1655
            Warning - 1 : Skipping Token 13 On Line 1657
            Warning - 1 : Skipping Token 12 On Line 1659
            Warning - 1 : Skipping Token 47 On Line 1661
            Warning - 1 : Skipping Token 10 On Line 1663
            Warning - 1 : Skipping Token 49 On Line 1665
            Warning - 1 : Skipping Token 48 On Line 1667
            Warning - 1 : Skipping Token 19 On Line 1669
            Warning - 1 : Skipping Token 18 On Line 1671
            Warning - 1 : Skipping Token 1 On Line 1673
            Warning - 1 : Skipping Token 2 On Line 1675
            Warning - 1 : Skipping Token 3 On Line 1677
            Warning - 1 : Skipping Token 5 On Line 1679
            Warning - 1 : Skipping Token 6 On Line 1681
            Warning - 1 : Skipping Token 7 On Line 1683
            Warning - 1 : Skipping Token 8 On Line 1685
            Warning - 1 : Skipping Token 9 On Line 1687
            Warning - 1 : Skipping Token 41 On Line 1689
            Warning - 1 : Skipping Token 40 On Line 1691
            Warning - 1 : Skipping Token 43 On Line 1693
            Warning - 1 : Skipping Token 62 On Line 1695
            Warning - 1 : Skipping Token 63 On Line 1697
            Warning - 1 : Skipping Token 60 On Line 1699
            Warning - 1 : Skipping Token 61 On Line 1701
            Warning - 1 : Skipping Token 64 On Line 1703
            Warning - 1 : Skipping Token 45 On Line 1705
            Warning - 1 : Skipping Token 44 On Line 1707
            Warning - 1 : Skipping Token 11 On Line 1709
            Warning - 1 : Skipping Token 46 On Line 1711
            Warning - 1 : Skipping Token 50 On Line 1713
            Warning - 1 : Skipping Token 64 On Line 1715
            Warning - 1 : Skipping Token 63 On Line 1717
            Warning - 1 : Skipping Token 62 On Line 1719
            Warning - 1 : Skipping Token 61 On Line 1721
            Warning - 1 : Skipping Token 60 On Line 1723
            Warning - 1 : Skipping Token 29 On Line 1725
            Warning - 1 : Skipping Token 48 On Line 1727
            Warning - 1 : Skipping Token 49 On Line 1729
            Warning - 1 : Skipping Token 18 On Line 1731
            Warning - 1 : Skipping Token 19 On Line 1733
            Warning - 1 : Skipping Token 40 On Line 1735
            Warning - 1 : Skipping Token 41 On Line 1737
            Warning - 1 : Skipping Token 42 On Line 1739
            Warning - 1 : Skipping Token 43 On Line 1741
            Warning - 1 : Skipping Token 16 On Line 1743
            Warning - 1 : Skipping Token 45 On Line 1745
            Warning - 1 : Skipping Token 46 On Line 1747
            Warning - 1 : Skipping Token 15 On Line 1749
            Warning - 1 : Skipping Token 12 On Line 1751
            Warning - 1 : Skipping Token 13 On Line 1753
            Warning - 1 : Skipping Token 10 On Line 1755
            Warning - 1 : Skipping Token 11 On Line 1757
            Warning - 1 : Skipping Token 9 On Line 1759
            Warning - 1 : Skipping Token 44 On Line 1761
            Warning - 1 : Skipping Token 24 On Line 1763
            Warning - 1 : Skipping Token 17 On Line 1765
            Warning - 1 : Skipping Token 59 On Line 1767
            Warning - 1 : Skipping Token 58 On Line 1769
            Warning - 1 : Skipping Token 14 On Line 1771
            Warning - 1 : Skipping Token 53 On Line 1773
            Warning - 1 : Skipping Token 52 On Line 1775
            Warning - 1 : Skipping Token 51 On Line 1777
            Warning - 1 : Skipping Token 47 On Line 1779
            Warning - 1 : Skipping Token 57 On Line 1781
            Warning - 1 : Skipping Token 56 On Line 1783
            Warning - 1 : Skipping Token 55 On Line 1785
            Warning - 1 : Skipping Token 54 On Line 1787
            Warning - 1 : Skipping Token 4 On Line 1789
            Warning - 1 : Skipping Token 28 On Line 1791
            Warning - 1 : Skipping Token 29 On Line 1793
            Warning - 1 : Skipping Token 26 On Line 1795
            Warning - 1 : Skipping Token 27 On Line 1797
            Warning - 1 : Skipping Token 24 On Line 1799
            Warning - 1 : Skipping Token 25 On Line 1801
            Warning - 1 : Skipping Token 22 On Line 1803
            Warning - 1 : Skipping Token 23 On Line 1805
            Warning - 1 : Skipping Token 20 On Line 1807
            Warning - 1 : Skipping Token 21 On Line 1809
            Warning - 1 : Skipping Token 30 On Line 1811
            Warning - 1 : Skipping Token 31 On Line 1813
            Warning - 1 : Skipping Token 32 On Line 1815
            Warning - 1 : Skipping Token 33 On Line 1817
            Warning - 1 : Skipping Token 34 On Line 1819
            Warning - 1 : Skipping Token 35 On Line 1821
            Warning - 1 : Skipping Token 36 On Line 1823
            Warning - 1 : Skipping Token 37 On Line 1825
            Warning - 1 : Skipping Token 38 On Line 1827
            Warning - 1 : Skipping Token 39 On Line 1829
            Warning - 1 : Skipping Token 39 On Line 1831
            Warning - 1 : Skipping Token 38 On Line 1833
            Warning - 1 : Skipping Token 31 On Line 1835
            Warning - 1 : Skipping Token 30 On Line 1837
            Warning - 1 : Skipping Token 33 On Line 1839
            Warning - 1 : Skipping Token 32 On Line 1841
            Warning - 1 : Skipping Token 35 On Line 1843
            Warning - 1 : Skipping Token 34 On Line 1845
            Warning - 1 : Skipping Token 37 On Line 1847
            Warning - 1 : Skipping Token 36 On Line 1849
            Warning - 1 : Skipping Token 23 On Line 1851
            Warning - 1 : Skipping Token 22 On Line 1853
            Warning - 1 : Skipping Token 21 On Line 1855
            Warning - 1 : Skipping Token 20 On Line 1857
            Warning - 1 : Skipping Token 27 On Line 1859
            Warning - 1 : Skipping Token 26 On Line 1861
            Warning - 1 : Skipping Token 25 On Line 1863
            Warning - 1 : Skipping Token 8 On Line 1865
            Warning - 1 : Skipping Token 7 On Line 1867
            Warning - 1 : Skipping Token 6 On Line 1869
            Warning - 1 : Skipping Token 5 On Line 1871
            Warning - 1 : Skipping Token 28 On Line 1873
            Warning - 1 : Skipping Token 3 On Line 1875
            Warning - 1 : Skipping Token 2 On Line 1877
            Warning - 1 : Skipping Token 1 On Line 1879
            Warning - 1 : Skipping Token 42 On Line 1881
            Warning - 1 : Skipping Token 2 On Line 1883
            Warning - 1 : Skipping Token 1 On Line 1885
        EndSection

        Section : Import Messages
            Warning - 0 : PCAD Pattern Graphics [*MODULE_STM32F429I-DISC1][Primary] associated with PCAD Component [STM32F429I-DISC1] has been renamed to PCB FootPrint [*MODULE_STM32F429I-DISC1_STM32F429I-DISC1(Primary)].
        EndSection
    EndSection

    Section : SCH Library - STM32F429I-DISC1.SchLib
        Section : Parsing Messages
            Warning - 1 : Skipping Token padStyleDef On Line 9
            Warning - 1 : Skipping Token padStyleDef On Line 21
            Warning - 1 : Skipping Token multiLayer On Line 96
            Warning - 1 : Skipping Token layerContents On Line 230
            Warning - 1 : Skipping Token layerContents On Line 238
            Warning - 1 : Skipping Token layerContents On Line 244
            Warning - 1 : Skipping Token layerContents On Line 254
            Warning - 1 : Skipping Token isVisible On Line 868
            Warning - 1 : Skipping Token isVisible On Line 1470
            Warning - 1 : Skipping Token 56 On Line 1625
            Warning - 1 : Skipping Token 57 On Line 1627
            Warning - 1 : Skipping Token 54 On Line 1629
            Warning - 1 : Skipping Token 55 On Line 1631
            Warning - 1 : Skipping Token 52 On Line 1633
            Warning - 1 : Skipping Token 53 On Line 1635
            Warning - 1 : Skipping Token 50 On Line 1637
            Warning - 1 : Skipping Token 51 On Line 1639
            Warning - 1 : Skipping Token 58 On Line 1641
            Warning - 1 : Skipping Token 59 On Line 1643
            Warning - 1 : Skipping Token 1 On Line 1645
            Warning - 1 : Skipping Token 2 On Line 1647
            Warning - 1 : Skipping Token 17 On Line 1649
            Warning - 1 : Skipping Token 16 On Line 1651
            Warning - 1 : Skipping Token 15 On Line 1653
            Warning - 1 : Skipping Token 14 On Line 1655
            Warning - 1 : Skipping Token 13 On Line 1657
            Warning - 1 : Skipping Token 12 On Line 1659
            Warning - 1 : Skipping Token 47 On Line 1661
            Warning - 1 : Skipping Token 10 On Line 1663
            Warning - 1 : Skipping Token 49 On Line 1665
            Warning - 1 : Skipping Token 48 On Line 1667
            Warning - 1 : Skipping Token 19 On Line 1669
            Warning - 1 : Skipping Token 18 On Line 1671
            Warning - 1 : Skipping Token 1 On Line 1673
            Warning - 1 : Skipping Token 2 On Line 1675
            Warning - 1 : Skipping Token 3 On Line 1677
            Warning - 1 : Skipping Token 5 On Line 1679
            Warning - 1 : Skipping Token 6 On Line 1681
            Warning - 1 : Skipping Token 7 On Line 1683
            Warning - 1 : Skipping Token 8 On Line 1685
            Warning - 1 : Skipping Token 9 On Line 1687
            Warning - 1 : Skipping Token 41 On Line 1689
            Warning - 1 : Skipping Token 40 On Line 1691
            Warning - 1 : Skipping Token 43 On Line 1693
            Warning - 1 : Skipping Token 62 On Line 1695
            Warning - 1 : Skipping Token 63 On Line 1697
            Warning - 1 : Skipping Token 60 On Line 1699
            Warning - 1 : Skipping Token 61 On Line 1701
            Warning - 1 : Skipping Token 64 On Line 1703
            Warning - 1 : Skipping Token 45 On Line 1705
            Warning - 1 : Skipping Token 44 On Line 1707
            Warning - 1 : Skipping Token 11 On Line 1709
            Warning - 1 : Skipping Token 46 On Line 1711
            Warning - 1 : Skipping Token 50 On Line 1713
            Warning - 1 : Skipping Token 64 On Line 1715
            Warning - 1 : Skipping Token 63 On Line 1717
            Warning - 1 : Skipping Token 62 On Line 1719
            Warning - 1 : Skipping Token 61 On Line 1721
            Warning - 1 : Skipping Token 60 On Line 1723
            Warning - 1 : Skipping Token 29 On Line 1725
            Warning - 1 : Skipping Token 48 On Line 1727
            Warning - 1 : Skipping Token 49 On Line 1729
            Warning - 1 : Skipping Token 18 On Line 1731
            Warning - 1 : Skipping Token 19 On Line 1733
            Warning - 1 : Skipping Token 40 On Line 1735
            Warning - 1 : Skipping Token 41 On Line 1737
            Warning - 1 : Skipping Token 42 On Line 1739
            Warning - 1 : Skipping Token 43 On Line 1741
            Warning - 1 : Skipping Token 16 On Line 1743
            Warning - 1 : Skipping Token 45 On Line 1745
            Warning - 1 : Skipping Token 46 On Line 1747
            Warning - 1 : Skipping Token 15 On Line 1749
            Warning - 1 : Skipping Token 12 On Line 1751
            Warning - 1 : Skipping Token 13 On Line 1753
            Warning - 1 : Skipping Token 10 On Line 1755
            Warning - 1 : Skipping Token 11 On Line 1757
            Warning - 1 : Skipping Token 9 On Line 1759
            Warning - 1 : Skipping Token 44 On Line 1761
            Warning - 1 : Skipping Token 24 On Line 1763
            Warning - 1 : Skipping Token 17 On Line 1765
            Warning - 1 : Skipping Token 59 On Line 1767
            Warning - 1 : Skipping Token 58 On Line 1769
            Warning - 1 : Skipping Token 14 On Line 1771
            Warning - 1 : Skipping Token 53 On Line 1773
            Warning - 1 : Skipping Token 52 On Line 1775
            Warning - 1 : Skipping Token 51 On Line 1777
            Warning - 1 : Skipping Token 47 On Line 1779
            Warning - 1 : Skipping Token 57 On Line 1781
            Warning - 1 : Skipping Token 56 On Line 1783
            Warning - 1 : Skipping Token 55 On Line 1785
            Warning - 1 : Skipping Token 54 On Line 1787
            Warning - 1 : Skipping Token 4 On Line 1789
            Warning - 1 : Skipping Token 28 On Line 1791
            Warning - 1 : Skipping Token 29 On Line 1793
            Warning - 1 : Skipping Token 26 On Line 1795
            Warning - 1 : Skipping Token 27 On Line 1797
            Warning - 1 : Skipping Token 24 On Line 1799
            Warning - 1 : Skipping Token 25 On Line 1801
            Warning - 1 : Skipping Token 22 On Line 1803
            Warning - 1 : Skipping Token 23 On Line 1805
            Warning - 1 : Skipping Token 20 On Line 1807
            Warning - 1 : Skipping Token 21 On Line 1809
            Warning - 1 : Skipping Token 30 On Line 1811
            Warning - 1 : Skipping Token 31 On Line 1813
            Warning - 1 : Skipping Token 32 On Line 1815
            Warning - 1 : Skipping Token 33 On Line 1817
            Warning - 1 : Skipping Token 34 On Line 1819
            Warning - 1 : Skipping Token 35 On Line 1821
            Warning - 1 : Skipping Token 36 On Line 1823
            Warning - 1 : Skipping Token 37 On Line 1825
            Warning - 1 : Skipping Token 38 On Line 1827
            Warning - 1 : Skipping Token 39 On Line 1829
            Warning - 1 : Skipping Token 39 On Line 1831
            Warning - 1 : Skipping Token 38 On Line 1833
            Warning - 1 : Skipping Token 31 On Line 1835
            Warning - 1 : Skipping Token 30 On Line 1837
            Warning - 1 : Skipping Token 33 On Line 1839
            Warning - 1 : Skipping Token 32 On Line 1841
            Warning - 1 : Skipping Token 35 On Line 1843
            Warning - 1 : Skipping Token 34 On Line 1845
            Warning - 1 : Skipping Token 37 On Line 1847
            Warning - 1 : Skipping Token 36 On Line 1849
            Warning - 1 : Skipping Token 23 On Line 1851
            Warning - 1 : Skipping Token 22 On Line 1853
            Warning - 1 : Skipping Token 21 On Line 1855
            Warning - 1 : Skipping Token 20 On Line 1857
            Warning - 1 : Skipping Token 27 On Line 1859
            Warning - 1 : Skipping Token 26 On Line 1861
            Warning - 1 : Skipping Token 25 On Line 1863
            Warning - 1 : Skipping Token 8 On Line 1865
            Warning - 1 : Skipping Token 7 On Line 1867
            Warning - 1 : Skipping Token 6 On Line 1869
            Warning - 1 : Skipping Token 5 On Line 1871
            Warning - 1 : Skipping Token 28 On Line 1873
            Warning - 1 : Skipping Token 3 On Line 1875
            Warning - 1 : Skipping Token 2 On Line 1877
            Warning - 1 : Skipping Token 1 On Line 1879
            Warning - 1 : Skipping Token 42 On Line 1881
            Warning - 1 : Skipping Token 2 On Line 1883
            Warning - 1 : Skipping Token 1 On Line 1885
        EndSection

        Section : Generating SCH Library - STM32F429I-DISC1.SchLib
            Warning - 0 : PCAD Pattern Graphics [*MODULE_STM32F429I-DISC1][Primary] associated with PCAD Component [STM32F429I-DISC1] has been renamed to PCB FootPrint [*MODULE_STM32F429I-DISC1_STM32F429I-DISC1(Primary)].
        EndSection
    EndSection
EndSection
